TN:
SF:src/main.ts
FN:7,bootstrap
FNF:1
FNH:0
FNDA:0,bootstrap
DA:1,0
DA:2,0
DA:3,0
DA:4,0
DA:5,0
DA:8,0
DA:11,0
DA:19,0
DA:21,0
DA:27,0
DA:28,0
DA:38,0
DA:41,0
LF:13
LH:0
BRF:0
BRH:0
end_of_record
TN:
SF:src/auth/auth.controller.ts
FN:21,(anonymous_4)
FN:26,(anonymous_5)
FN:34,(anonymous_6)
FN:39,(anonymous_7)
FN:44,(anonymous_8)
FN:52,(anonymous_9)
FNF:6
FNH:6
FNDA:6,(anonymous_4)
FNDA:1,(anonymous_5)
FNDA:1,(anonymous_6)
FNDA:1,(anonymous_7)
FNDA:1,(anonymous_8)
FNDA:1,(anonymous_9)
DA:1,1
DA:10,1
DA:11,1
DA:13,1
DA:14,1
DA:15,1
DA:20,1
DA:21,6
DA:26,1
DA:27,1
DA:34,1
DA:35,1
DA:39,1
DA:40,1
DA:44,1
DA:45,1
DA:52,1
DA:53,1
LF:18
LH:18
BRF:0
BRH:0
end_of_record
TN:
SF:src/auth/auth.service.ts
FN:19,(anonymous_4)
FN:29,(anonymous_5)
FN:45,(anonymous_6)
FN:75,(anonymous_7)
FN:116,(anonymous_8)
FN:125,(anonymous_9)
FN:145,(anonymous_10)
FN:167,(anonymous_11)
FNF:8
FNH:8
FNDA:18,(anonymous_4)
FNDA:1,(anonymous_5)
FNDA:4,(anonymous_6)
FNDA:5,(anonymous_7)
FNDA:1,(anonymous_8)
FNDA:3,(anonymous_9)
FNDA:2,(anonymous_10)
FNDA:1,(anonymous_11)
DA:1,2
DA:7,2
DA:8,2
DA:9,2
DA:10,2
DA:11,2
DA:12,2
DA:13,2
DA:14,2
DA:15,2
DA:18,2
DA:21,18
DA:22,18
DA:23,18
DA:24,18
DA:26,18
DA:30,1
DA:32,1
DA:33,1
DA:35,1
DA:36,1
DA:42,1
DA:48,4
DA:50,4
DA:51,1
DA:54,3
DA:55,3
DA:56,1
DA:60,2
DA:63,2
DA:64,2
DA:65,1
DA:68,1
DA:69,1
DA:76,5
DA:78,5
DA:79,1
DA:82,4
DA:84,4
DA:85,1
DA:88,3
DA:91,3
DA:99,3
DA:100,1
DA:101,1
DA:104,2
DA:105,1
DA:109,1
DA:111,2
DA:117,1
DA:119,1
DA:126,3
DA:132,3
DA:133,1
DA:136,2
DA:138,2
DA:139,1
DA:142,1
DA:146,2
DA:150,2
DA:154,2
DA:168,1
DA:170,1
DA:172,1
LF:64
LH:64
BRDA:50,0,0,1
BRDA:55,1,0,1
BRDA:64,2,0,1
BRDA:78,3,0,1
BRDA:84,4,0,1
BRDA:93,5,0,1
BRDA:93,5,1,2
BRDA:99,6,0,1
BRDA:99,6,1,2
BRDA:100,7,0,1
BRDA:104,8,0,1
BRDA:132,9,0,1
BRDA:138,10,0,1
BRDA:158,11,0,1
BRDA:158,11,1,1
BRDA:161,12,0,1
BRDA:161,12,1,1
BRDA:162,13,0,1
BRDA:162,13,1,1
BRF:19
BRH:19
end_of_record
TN:
SF:src/director/director.controller.ts
FN:22,(anonymous_4)
FN:25,(anonymous_5)
FN:30,(anonymous_6)
FN:35,(anonymous_7)
FN:40,(anonymous_8)
FN:48,(anonymous_9)
FNF:6
FNH:6
FNDA:6,(anonymous_4)
FNDA:1,(anonymous_5)
FNDA:1,(anonymous_6)
FNDA:1,(anonymous_7)
FNDA:1,(anonymous_8)
FNDA:1,(anonymous_9)
DA:1,1
DA:13,1
DA:14,1
DA:15,1
DA:16,1
DA:21,1
DA:22,6
DA:25,1
DA:26,1
DA:30,1
DA:31,1
DA:35,1
DA:36,1
DA:40,1
DA:44,1
DA:48,1
DA:49,1
LF:17
LH:17
BRF:0
BRH:0
end_of_record
TN:
SF:src/director/director.service.ts
FN:10,(anonymous_4)
FN:15,(anonymous_5)
FN:19,(anonymous_6)
FN:23,(anonymous_7)
FN:31,(anonymous_8)
FN:59,(anonymous_9)
FNF:6
FNH:6
FNDA:8,(anonymous_4)
FNDA:1,(anonymous_5)
FNDA:1,(anonymous_6)
FNDA:1,(anonymous_7)
FNDA:2,(anonymous_8)
FNDA:2,(anonymous_9)
DA:1,2
DA:4,2
DA:5,2
DA:6,2
DA:9,2
DA:12,8
DA:16,1
DA:20,1
DA:24,1
DA:32,2
DA:38,2
DA:39,1
DA:42,1
DA:50,1
DA:56,1
DA:60,2
DA:66,2
DA:67,1
DA:70,1
DA:72,1
LF:20
LH:20
BRDA:38,0,0,1
BRDA:66,1,0,1
BRF:2
BRH:2
end_of_record
TN:
SF:src/genre/genre.controller.ts
FN:22,(anonymous_4)
FN:25,(anonymous_5)
FN:30,(anonymous_6)
FN:35,(anonymous_7)
FN:40,(anonymous_8)
FN:48,(anonymous_9)
FNF:6
FNH:6
FNDA:6,(anonymous_4)
FNDA:1,(anonymous_5)
FNDA:1,(anonymous_6)
FNDA:1,(anonymous_7)
FNDA:1,(anonymous_8)
FNDA:1,(anonymous_9)
DA:1,1
DA:13,1
DA:14,1
DA:15,1
DA:16,1
DA:21,1
DA:22,6
DA:25,1
DA:26,1
DA:30,1
DA:31,1
DA:35,1
DA:36,1
DA:40,1
DA:44,1
DA:48,1
DA:49,1
LF:17
LH:17
BRF:0
BRH:0
end_of_record
TN:
SF:src/genre/genre.service.ts
FN:10,(anonymous_4)
FN:15,(anonymous_5)
FN:29,(anonymous_6)
FN:33,(anonymous_7)
FN:41,(anonymous_8)
FN:70,(anonymous_9)
FNF:6
FNH:6
FNDA:8,(anonymous_4)
FNDA:1,(anonymous_5)
FNDA:1,(anonymous_6)
FNDA:1,(anonymous_7)
FNDA:2,(anonymous_8)
FNDA:2,(anonymous_9)
DA:1,2
DA:4,2
DA:5,2
DA:6,2
DA:9,2
DA:12,8
DA:16,1
DA:26,1
DA:30,1
DA:34,1
DA:42,2
DA:48,2
DA:49,1
DA:52,1
DA:61,1
DA:67,1
DA:71,2
DA:77,2
DA:78,1
DA:81,1
DA:82,1
LF:21
LH:21
BRDA:48,0,0,1
BRDA:77,1,0,1
BRF:2
BRH:2
end_of_record
TN:
SF:src/movie/movie.controller.ts
FN:38,(anonymous_4)
FN:54,(anonymous_5)
FN:62,(anonymous_6)
FN:68,(anonymous_7)
FN:86,(anonymous_8)
FN:96,(anonymous_9)
FN:105,(anonymous_10)
FN:124,(anonymous_11)
FN:132,(anonymous_12)
FNF:9
FNH:0
FNDA:0,(anonymous_4)
FNDA:0,(anonymous_5)
FNDA:0,(anonymous_6)
FNDA:0,(anonymous_7)
FNDA:0,(anonymous_8)
FNDA:0,(anonymous_9)
FNDA:0,(anonymous_10)
FNDA:0,(anonymous_11)
FNDA:0,(anonymous_12)
DA:1,0
DA:15,0
DA:16,0
DA:17,0
DA:18,0
DA:19,0
DA:20,0
DA:21,0
DA:22,0
DA:23,0
DA:24,0
DA:26,0
DA:31,0
DA:32,0
DA:37,0
DA:38,0
DA:54,0
DA:55,0
DA:62,0
DA:63,0
DA:68,0
DA:80,0
DA:86,0
DA:91,0
DA:96,0
DA:100,0
DA:105,0
DA:106,0
DA:124,0
DA:128,0
DA:132,0
DA:136,0
LF:32
LH:0
BRF:0
BRH:0
end_of_record
TN:
SF:src/movie/movie.service.ts
FN:26,(anonymous_4)
FN:45,(anonymous_5)
FN:63,(anonymous_6)
FN:80,(anonymous_7)
FN:99,(anonymous_8)
FN:106,(anonymous_9)
FN:120,(anonymous_10)
FN:137,(anonymous_11)
FN:162,(anonymous_12)
FN:204,(anonymous_13)
FN:219,(anonymous_14)
FN:265,(anonymous_15)
FN:312,(anonymous_16)
FN:313,(anonymous_17)
FN:332,(anonymous_18)
FN:354,(anonymous_19)
FNF:16
FNH:1
FNDA:1,(anonymous_4)
FNDA:0,(anonymous_5)
FNDA:0,(anonymous_6)
FNDA:0,(anonymous_7)
FNDA:0,(anonymous_8)
FNDA:0,(anonymous_9)
FNDA:0,(anonymous_10)
FNDA:0,(anonymous_11)
FNDA:0,(anonymous_12)
FNDA:0,(anonymous_13)
FNDA:0,(anonymous_14)
FNDA:0,(anonymous_15)
FNDA:0,(anonymous_16)
FNDA:0,(anonymous_17)
FNDA:0,(anonymous_18)
FNDA:0,(anonymous_19)
DA:1,1
DA:10,1
DA:11,1
DA:12,1
DA:13,1
DA:14,1
DA:15,1
DA:17,1
DA:18,1
DA:19,1
DA:20,1
DA:21,1
DA:22,1
DA:25,1
DA:28,1
DA:30,1
DA:32,1
DA:34,1
DA:36,1
DA:38,1
DA:39,1
DA:40,1
DA:42,1
DA:46,0
DA:48,0
DA:49,0
DA:52,0
DA:59,0
DA:60,0
DA:64,0
DA:65,0
DA:70,0
DA:71,0
DA:75,0
DA:77,0
DA:79,0
DA:80,0
DA:83,0
DA:98,0
DA:99,0
DA:106,0
DA:113,0
DA:121,0
DA:130,0
DA:131,0
DA:134,0
DA:143,0
DA:149,0
DA:150,0
DA:153,0
DA:159,0
DA:160,0
DA:162,0
DA:167,0
DA:176,0
DA:178,0
DA:179,0
DA:181,0
DA:198,0
DA:200,0
DA:204,0
DA:206,0
DA:211,0
DA:220,0
DA:221,0
DA:222,0
DA:224,0
DA:225,0
DA:232,0
DA:233,0
DA:236,0
DA:240,0
DA:241,0
DA:247,0
DA:248,0
DA:250,0
DA:255,0
DA:256,0
DA:262,0
DA:263,0
DA:265,0
DA:269,0
DA:283,0
DA:288,0
DA:295,0
DA:296,0
DA:306,0
DA:307,0
DA:312,0
DA:313,0
DA:317,0
DA:319,0
DA:326,0
DA:328,0
DA:333,0
DA:340,0
DA:341,0
DA:344,0
DA:349,0
DA:351,0
DA:355,0
DA:361,0
DA:362,0
DA:365,0
DA:371,0
DA:372,0
DA:375,0
DA:382,0
DA:383,0
DA:384,0
DA:389,0
DA:398,0
DA:404,0
DA:412,0
LF:114
LH:23
BRDA:48,0,0,0
BRDA:70,1,0,0
BRDA:79,2,0,0
BRDA:83,3,0,0
BRDA:83,3,1,0
BRDA:109,4,0,0
BRDA:109,4,1,0
BRDA:130,5,0,0
BRDA:149,6,0,0
BRDA:159,7,0,0
BRDA:232,8,0,0
BRDA:240,9,0,0
BRDA:247,10,0,0
BRDA:255,11,0,0
BRDA:262,12,0,0
BRDA:285,13,0,0
BRDA:285,13,1,0
BRDA:295,14,0,0
BRDA:306,15,0,0
BRDA:340,16,0,0
BRDA:361,17,0,0
BRDA:371,18,0,0
BRDA:382,19,0,0
BRDA:382,19,1,0
BRDA:383,20,0,0
BRDA:383,20,1,0
BRDA:413,21,0,0
BRDA:413,21,1,0
BRF:28
BRH:0
end_of_record
TN:
SF:src/user/user.controller.ts
FN:22,(anonymous_4)
FN:25,(anonymous_5)
FN:30,(anonymous_6)
FN:35,(anonymous_7)
FN:40,(anonymous_8)
FN:48,(anonymous_9)
FNF:6
FNH:6
FNDA:6,(anonymous_4)
FNDA:1,(anonymous_5)
FNDA:1,(anonymous_6)
FNDA:1,(anonymous_7)
FNDA:1,(anonymous_8)
FNDA:1,(anonymous_9)
DA:1,1
DA:13,1
DA:14,1
DA:15,1
DA:16,1
DA:21,1
DA:22,6
DA:25,1
DA:26,1
DA:30,1
DA:31,1
DA:35,1
DA:36,1
DA:40,1
DA:44,1
DA:48,1
DA:49,1
LF:17
LH:17
BRF:0
BRH:0
end_of_record
TN:
SF:src/user/user.service.ts
FN:17,(anonymous_4)
FN:23,(anonymous_5)
FN:52,(anonymous_6)
FN:56,(anonymous_7)
FN:70,(anonymous_8)
FN:102,(anonymous_9)
FNF:6
FNH:6
FNDA:10,(anonymous_4)
FNDA:2,(anonymous_5)
FNDA:1,(anonymous_6)
FNDA:2,(anonymous_7)
FNDA:2,(anonymous_8)
FNDA:2,(anonymous_9)
DA:1,4
DA:8,4
DA:9,4
DA:10,4
DA:11,4
DA:12,4
DA:13,4
DA:16,4
DA:19,10
DA:20,10
DA:24,2
DA:25,2
DA:31,2
DA:32,1
DA:35,1
DA:40,1
DA:45,1
DA:53,1
DA:57,2
DA:63,2
DA:64,1
DA:67,1
DA:71,2
DA:72,2
DA:78,2
DA:79,1
DA:82,1
DA:87,1
DA:95,1
DA:103,2
DA:109,2
DA:110,1
DA:112,1
DA:113,1
LF:34
LH:34
BRDA:31,0,0,1
BRDA:63,1,0,1
BRDA:78,2,0,1
BRDA:109,3,0,1
BRF:4
BRH:4
end_of_record
