TN:
SF:src/user/user.controller.ts
FN:22,(anonymous_4)
FN:25,(anonymous_5)
FN:30,(anonymous_6)
FN:35,(anonymous_7)
FN:40,(anonymous_8)
FN:48,(anonymous_9)
FNF:6
FNH:0
FNDA:0,(anonymous_4)
FNDA:0,(anonymous_5)
FNDA:0,(anonymous_6)
FNDA:0,(anonymous_7)
FNDA:0,(anonymous_8)
FNDA:0,(anonymous_9)
DA:1,0
DA:13,0
DA:14,0
DA:15,0
DA:16,0
DA:21,0
DA:22,0
DA:25,0
DA:26,0
DA:30,0
DA:31,0
DA:35,0
DA:36,0
DA:40,0
DA:44,0
DA:48,0
DA:49,0
LF:17
LH:0
BRF:0
BRH:0
end_of_record
TN:
SF:src/user/user.service.ts
FN:17,(anonymous_4)
FN:23,(anonymous_5)
FN:52,(anonymous_6)
FN:56,(anonymous_7)
FN:70,(anonymous_8)
FN:90,(anonymous_9)
FNF:6
FNH:5
FNDA:8,(anonymous_4)
FNDA:2,(anonymous_5)
FNDA:1,(anonymous_6)
FNDA:2,(anonymous_7)
FNDA:0,(anonymous_8)
FNDA:2,(anonymous_9)
DA:1,1
DA:8,1
DA:9,1
DA:10,1
DA:11,1
DA:12,1
DA:13,1
DA:16,1
DA:19,8
DA:20,8
DA:24,2
DA:25,2
DA:31,2
DA:32,1
DA:35,1
DA:40,1
DA:45,1
DA:53,1
DA:57,2
DA:63,2
DA:64,1
DA:67,1
DA:71,0
DA:77,0
DA:78,0
DA:81,0
DA:83,0
DA:91,2
DA:97,2
DA:98,1
DA:100,1
DA:101,1
LF:32
LH:27
BRDA:31,0,0,1
BRDA:63,1,0,1
BRDA:77,2,0,0
BRDA:97,3,0,1
BRF:4
BRH:3
end_of_record
TN:
SF:src/user/decorator/user-id.decorator.ts
FN:8,(anonymous_0)
FNF:1
FNH:0
FNDA:0,(anonymous_0)
DA:1,0
DA:7,0
DA:9,0
DA:11,0
LF:4
LH:0
BRF:0
BRH:0
end_of_record
